\BOOKMARK [1][-]{section.1}{\376\377\000G\000i\036\333\000i\000\040\000t\000h\000i\036\307\000u}{}% 1
\BOOKMARK [1][-]{section.2}{\376\377\000C\000\341\000c\000\040\000n\000g\000h\000i\000\352\000n\000\040\000c\036\351\000u\000\040\000l\000i\000\352\000n\000\040\000q\000u\000a\000n}{}% 2
\BOOKMARK [2][-]{subsection.2.1}{\376\377\000F\000D\000I\000\040\000v\000\340\000\040\000t\001\003\000n\000g\000\040\000t\000r\001\260\036\337\000n\000g\000\040\000k\000i\000n\000h\000\040\000t\036\277}{section.2}% 3
\BOOKMARK [2][-]{subsection.2.2}{\376\377\000F\000D\000I\000\040\000v\000\340\000\040\000t\000h\001\260\001\241\000n\000g\000\040\000m\036\241\000i\000\040\000q\000u\036\321\000c\000\040\000t\036\277}{section.2}% 4
\BOOKMARK [2][-]{subsection.2.3}{\376\377\000T\000r\000a\000d\000e\000\040\000O\000p\000e\000n\000n\000e\000s\000s\000\040\000v\000\340\000\040\000F\000D\000I}{section.2}% 5
\BOOKMARK [2][-]{subsection.2.4}{\376\377\000L\000\375\000\040\000t\000h\000u\000y\036\277\000t\000\040\000c\000a\000u\000s\000a\000l\000i\000t\000y\000\040\000g\000i\036\357\000a\000\040\000c\000\341\000c\000\040\000b\000i\036\277\000n\000\040\000k\000i\000n\000h\000\040\000t\036\277}{section.2}% 6
\BOOKMARK [2][-]{subsection.2.5}{\376\377\000F\000D\000I\000\040\036\337\000\040\000c\000\341\000c\000\040\000n\001\260\036\333\000c\000\040\001\020\000\364\000n\000g\000\040\000N\000a\000m\000\040\000\301}{section.2}% 7
\BOOKMARK [2][-]{subsection.2.6}{\376\377\000K\000h\000o\036\243\000n\000g\000\040\000t\000r\036\321\000n\000g\000\040\000n\000g\000h\000i\000\352\000n\000\040\000c\036\351\000u}{section.2}% 8
\BOOKMARK [1][-]{section.3}{\376\377\000P\000h\001\260\001\241\000n\000g\000\040\000p\000h\000\341\000p}{}% 9
\BOOKMARK [2][-]{subsection.3.1}{\376\377\000D\036\357\000\040\000l\000i\036\307\000u}{section.3}% 10
\BOOKMARK [3][-]{subsubsection.3.1.1}{\376\377\000N\000g\000u\036\323\000n\000\040\000d\036\357\000\040\000l\000i\036\307\000u}{subsection.3.1}% 11
\BOOKMARK [3][-]{subsubsection.3.1.2}{\376\377\000C\000\341\000c\000\040\000b\000i\036\277\000n}{subsection.3.1}% 12
\BOOKMARK [3][-]{subsubsection.3.1.3}{\376\377\000P\000h\036\241\000m\000\040\000v\000i\000\040\000m\036\253\000u}{subsection.3.1}% 13
\BOOKMARK [2][-]{subsection.3.2}{\376\377\000C\000\341\000c\000\040\000p\000h\001\260\001\241\000n\000g\000\040\000p\000h\000\341\000p\000\040\000p\000h\000\342\000n\000\040\000t\000\355\000c\000h}{section.3}% 14
\BOOKMARK [3][-]{subsubsection.3.2.1}{\376\377\000L\000o\000g\000\040\000T\000r\000a\000n\000s\000f\000o\000r\000m\000a\000t\000i\000o\000n}{subsection.3.2}% 15
\BOOKMARK [3][-]{subsubsection.3.2.2}{\376\377\000S\000t\000a\000n\000d\000a\000r\000d\000S\000c\000a\000l\000e\000r}{subsection.3.2}% 16
\BOOKMARK [3][-]{subsubsection.3.2.3}{\376\377\000P\000C\000A\000\040\000\050\000P\000r\000i\000n\000c\000i\000p\000a\000l\000\040\000C\000o\000m\000p\000o\000n\000e\000n\000t\000\040\000A\000n\000a\000l\000y\000s\000i\000s\000\051}{subsection.3.2}% 17
\BOOKMARK [3][-]{subsubsection.3.2.4}{\376\377\000C\000o\000r\000r\000e\000l\000a\000t\000i\000o\000n\000\040\000A\000n\000a\000l\000y\000s\000i\000s}{subsection.3.2}% 18
\BOOKMARK [3][-]{subsubsection.3.2.5}{\376\377\000V\000I\000F\000\040\000C\000h\000e\000c\000k}{subsection.3.2}% 19
\BOOKMARK [3][-]{subsubsection.3.2.6}{\376\377\000U\000n\000i\000t\000\040\000R\000o\000o\000t\000\040\000T\000e\000s\000t\000\040\000\050\000A\000D\000F\000\051}{subsection.3.2}% 20
\BOOKMARK [3][-]{subsubsection.3.2.7}{\376\377\000H\000a\000u\000s\000m\000a\000n\000\040\000T\000e\000s\000t}{subsection.3.2}% 21
\BOOKMARK [3][-]{subsubsection.3.2.8}{\376\377\000P\000a\000n\000e\000l\000\040\000R\000e\000g\000r\000e\000s\000s\000i\000o\000n\000\040\000\050\000F\000E\000/\000R\000E\000\051}{subsection.3.2}% 22
\BOOKMARK [3][-]{subsubsection.3.2.9}{\376\377\000E\000l\000b\000o\000w\000\040\000M\000e\000t\000h\000o\000d}{subsection.3.2}% 23
\BOOKMARK [3][-]{subsubsection.3.2.10}{\376\377\000K\000-\000M\000e\000a\000n\000s\000\040\000C\000l\000u\000s\000t\000e\000r\000i\000n\000g}{subsection.3.2}% 24
\BOOKMARK [3][-]{subsubsection.3.2.11}{\376\377\000R\000a\000n\000d\000o\000m\000\040\000F\000o\000r\000e\000s\000t}{subsection.3.2}% 25
\BOOKMARK [3][-]{subsubsection.3.2.12}{\376\377\000G\000r\000a\000n\000g\000e\000r\000\040\000C\000a\000u\000s\000a\000l\000i\000t\000y\000\040\000T\000e\000s\000t}{subsection.3.2}% 26
\BOOKMARK [3][-]{subsubsection.3.2.13}{\376\377\000V\000e\000c\000t\000o\000r\000\040\000A\000u\000t\000o\000r\000e\000g\000r\000e\000s\000s\000i\000o\000n\000\040\000\050\000V\000A\000R\000\051}{subsection.3.2}% 27
\BOOKMARK [1][-]{section.4}{\376\377\000T\000h\036\361\000c\000\040\000n\000g\000h\000i\036\307\000m}{}% 28
\BOOKMARK [2][-]{subsection.4.1}{\376\377\000B\036\331\000\040\000d\036\357\000\040\000l\000i\036\307\000u}{section.4}% 29
\BOOKMARK [3][-]{subsubsection.4.1.1}{\376\377\000P\000h\036\241\000m\000\040\000v\000i\000\040\000v\000\340\000\040\000k\000\355\000c\000h\000\040\000t\000h\001\260\036\333\000c\000\040\000d\036\357\000\040\000l\000i\036\307\000u}{subsection.4.1}% 30
\BOOKMARK [3][-]{subsubsection.4.1.2}{\376\377\000T\000\355\000n\000h\000\040\000c\000h\036\245\000t\000\040\000d\036\357\000\040\000l\000i\036\307\000u}{subsection.4.1}% 31
\BOOKMARK [2][-]{subsection.4.2}{\376\377\000C\000\341\000c\000\040\000t\000i\000\352\000u\000\040\000c\000h\000\355\000\040\001\021\000\341\000n\000h\000\040\000g\000i\000\341}{section.4}% 32
\BOOKMARK [3][-]{subsubsection.4.2.1}{\376\377\001\020\036\321\000i\000\040\000v\036\333\000i\000\040\000P\000a\000n\000e\000l\000\040\000R\000e\000g\000r\000e\000s\000s\000i\000o\000n}{subsection.4.2}% 33
\BOOKMARK [3][-]{subsubsection.4.2.2}{\376\377\001\020\036\321\000i\000\040\000v\036\333\000i\000\040\000C\000l\000u\000s\000t\000e\000r\000i\000n\000g}{subsection.4.2}% 34
\BOOKMARK [3][-]{subsubsection.4.2.3}{\376\377\001\020\036\321\000i\000\040\000v\036\333\000i\000\040\000C\000a\000u\000s\000a\000l\000i\000t\000y}{subsection.4.2}% 35
\BOOKMARK [2][-]{subsection.4.3}{\376\377\000K\036\277\000t\000\040\000q\000u\036\243\000\040\000t\000h\036\361\000c\000\040\000n\000g\000h\000i\036\307\000m\000\040\000v\000\340\000\040\001\021\000\341\000n\000h\000\040\000g\000i\000\341}{section.4}% 36
\BOOKMARK [3][-]{subsubsection.4.3.1}{\376\377\000P\000h\000\342\000n\000\040\000t\000\355\000c\000h\000\040\000m\036\321\000i\000\040\000q\000u\000a\000n\000\040\000h\036\307\000\040\000\050\000R\000e\000l\000a\000t\000i\000o\000n\000s\000h\000i\000p\000\040\000A\000n\000a\000l\000y\000s\000i\000s\000\051}{subsection.4.3}% 37
\BOOKMARK [3][-]{subsubsection.4.3.2}{\376\377\000P\000h\000\342\000n\000\040\000c\036\345\000m\000\040\000t\000h\000e\000o\000\040\001\021\036\267\000c\000\040\000t\000r\001\260\000n\000g\000\040\000k\000i\000n\000h\000\040\000t\036\277\000\040\000\050\000C\000l\000u\000s\000t\000e\000r\000i\000n\000g\000\040\000A\000n\000a\000l\000y\000s\000i\000s\000\051}{subsection.4.3}% 38
\BOOKMARK [3][-]{subsubsection.4.3.3}{\376\377\000P\000h\000\342\000n\000\040\000t\000\355\000c\000h\000\040\000c\000h\000u\000y\000\352\000n\000\040\000s\000\342\000u\000\040\000V\000i\000e\000t\000n\000a\000m}{subsection.4.3}% 39
\BOOKMARK [3][-]{subsubsection.4.3.4}{\376\377\000P\000h\000\342\000n\000\040\000t\000\355\000c\000h\000\040\000n\000h\000\342\000n\000\040\000q\000u\036\243\000\040\000G\000r\000a\000n\000g\000e\000r\000\040\000\050\000C\000a\000u\000s\000a\000l\000i\000t\000y\000\040\000A\000n\000a\000l\000y\000s\000i\000s\000\051}{subsection.4.3}% 40
\BOOKMARK [1][-]{section.5}{\376\377\000K\036\277\000t\000\040\000l\000u\036\255\000n}{}% 41
\BOOKMARK [2][-]{subsection.5.1}{\376\377\000T\000\363\000m\000\040\000t\036\257\000t\000\040\000k\036\277\000t\000\040\000q\000u\036\243\000\040\000c\000h\000\355\000n\000h}{section.5}% 42
\BOOKMARK [2][-]{subsection.5.2}{\376\377\000H\000\340\000m\000\040\000\375\000\040\000c\000h\000\355\000n\000h\000\040\000s\000\341\000c\000h}{section.5}% 43
\BOOKMARK [2][-]{subsection.5.3}{\376\377\001\020\000\363\000n\000g\000\040\000g\000\363\000p\000\040\000k\000h\000o\000a\000\040\000h\036\315\000c}{section.5}% 44
\BOOKMARK [2][-]{subsection.5.4}{\376\377\000H\036\241\000n\000\040\000c\000h\036\277}{section.5}% 45
\BOOKMARK [2][-]{subsection.5.5}{\376\377\000H\001\260\036\333\000n\000g\000\040\000n\000g\000h\000i\000\352\000n\000\040\000c\036\351\000u\000\040\000t\001\260\001\241\000n\000g\000\040\000l\000a\000i}{section.5}% 46
\BOOKMARK [2][-]{subsection.5.6}{\376\377\000K\036\277\000t\000\040\000l\000u\036\255\000n}{section.5}% 47
